0 info it worked if it ends with ok
1 verbose cli [ 'C:\\Program Files\\nodejs\\node.exe',
1 verbose cli   'C:\\Program Files\\nodejs\\node_modules\\npm\\bin\\npm-cli.js',
1 verbose cli   'start' ]
2 info using npm@3.10.8
3 info using node@v6.9.1
4 verbose run-script [ 'prestart', 'start', 'poststart' ]
5 info lifecycle gds-ces@0.1.0~prestart: gds-ces@0.1.0
6 silly lifecycle gds-ces@0.1.0~prestart: no script for prestart, continuing
7 info lifecycle gds-ces@0.1.0~start: gds-ces@0.1.0
8 verbose lifecycle gds-ces@0.1.0~start: unsafe-perm in lifecycle true
9 verbose lifecycle gds-ces@0.1.0~start: PATH: C:\Program Files\nodejs\node_modules\npm\bin\node-gyp-bin;c:\Users\m27\tester\gds-ces\node_modules\.bin;C:\ProgramData\Oracle\Java\javapath;C:\Program Files (x86)\Serena\Dimensions 10.1\CM\prog;C:\windows\system32;C:\windows;C:\windows\System32\Wbem;C:\windows\System32\WindowsPowerShell\v1.0\;C:\windows\System32\WindowsPowerShell\v1.0\;C:\Topdk;C:\Program Files (x86)\IBM\WebSphere MQ\bin64;C:\Program Files (x86)\IBM\WebSphere MQ\bin;C:\Program Files (x86)\IBM\WebSphere MQ\tools\c\samples\bin;C:\Programmer\IBM\Personal Communications\;C:\Program Files (x86)\IBM\Trace Facility\;C:\Program Files (x86)\IBM\AFPPLGIN\;C:\Program Files (x86)\Citrix\System32\;C:\jdk\apache-maven-3.2.5\bin;C:\Program Files\Git\cmd;C:\Program Files (x86)\Aspell\bin;C:\PROGRA~2\IBM\SQLLIB\BIN;C:\PROGRA~2\IBM\SQLLIB\FUNCTION;C:\Program Files (x86)\IBM\Sqllib\Bin;C:\Program Files (x86)\IBM\Sqllib\Function;C:\PROGRA~1\IBM\SQL105\BIN;C:\PROGRA~1\IBM\SQL105\FUNCTION;%webdriver.ie.driver%;C:\Program Files (x86)\Verint\Playback\;C:\Program Files\Citrix\System32\;C:\Program Files\Citrix\ICAService\;C:\Program Files\Citrix\Virtual Desktop Agent\;C:\Program Files\BMC Software\BladeLogic\NSH\bin;C:\Program Files\Microsoft SQL Server\110\DTS\Binn\;C:\Program Files (x86)\Microsoft SQL Server\110\Tools\Binn\;C:\Program Files\Microsoft SQL Server\110\Tools\Binn\;C:\Program Files (x86)\Microsoft SQL Server\110\Tools\Binn\ManagementStudio\;C:\Program Files (x86)\Microsoft Visual Studio 10.0\Common7\IDE\PrivateAssemblies\;C:\Program Files (x86)\Microsoft SQL Server\110\DTS\Binn\;C:\Program Files\nodejs\;C:\Program Files (x86)\IDM Computer Solutions\UltraEdit\;C:\jdk\ibm170-64\bin;C:\jdk\apache-maven-3.2.5\bin;C:\jython2.5.3;C:\Program Files (x86)\Microsoft VS Code\bin;C:\Users\m27\AppData\Roaming\npm
10 verbose lifecycle gds-ces@0.1.0~start: CWD: c:\Users\m27\tester\gds-ces
11 silly lifecycle gds-ces@0.1.0~start: Args: [ '/d /s /c', 'npm run webpack-server & npm run web-server' ]
12 silly lifecycle gds-ces@0.1.0~start: Returned: code: 3221225786  signal: null
13 info lifecycle gds-ces@0.1.0~start: Failed to exec start script
14 verbose stack Error: gds-ces@0.1.0 start: `npm run webpack-server & npm run web-server`
14 verbose stack Exit status 3221225786
14 verbose stack     at EventEmitter.<anonymous> (C:\Program Files\nodejs\node_modules\npm\lib\utils\lifecycle.js:255:16)
14 verbose stack     at emitTwo (events.js:106:13)
14 verbose stack     at EventEmitter.emit (events.js:191:7)
14 verbose stack     at ChildProcess.<anonymous> (C:\Program Files\nodejs\node_modules\npm\lib\utils\spawn.js:40:14)
14 verbose stack     at emitTwo (events.js:106:13)
14 verbose stack     at ChildProcess.emit (events.js:191:7)
14 verbose stack     at maybeClose (internal/child_process.js:877:16)
14 verbose stack     at Process.ChildProcess._handle.onexit (internal/child_process.js:226:5)
15 verbose pkgid gds-ces@0.1.0
16 verbose cwd c:\Users\m27\tester\gds-ces
17 error Windows_NT 6.1.7601
18 error argv "C:\\Program Files\\nodejs\\node.exe" "C:\\Program Files\\nodejs\\node_modules\\npm\\bin\\npm-cli.js" "start"
19 error node v6.9.1
20 error npm  v3.10.8
21 error code ELIFECYCLE
22 error gds-ces@0.1.0 start: `npm run webpack-server & npm run web-server`
22 error Exit status 3221225786
23 error Failed at the gds-ces@0.1.0 start script 'npm run webpack-server & npm run web-server'.
23 error Make sure you have the latest version of node.js and npm installed.
23 error If you do, this is most likely a problem with the gds-ces package,
23 error not with npm itself.
23 error Tell the author that this fails on your system:
23 error     npm run webpack-server & npm run web-server
23 error You can get information on how to open an issue for this project with:
23 error     npm bugs gds-ces
23 error Or if that isn't available, you can get their info via:
23 error     npm owner ls gds-ces
23 error There is likely additional logging output above.
24 verbose exit [ 1, true ]
